<?xml version="1.0" encoding="UTF-8"?>
<!-- Generated by org.testng.reporters.JUnitReportReporter -->
<testsuite skipped="0" hostname="DESKTOP-8PEJRGM" name="com.IRCTC.TestCases.IRCTC_001_User_Registration" tests="1" failures="0" timestamp="12 Jan 2021 21:24:21 GMT" time="85.957" errors="0">
  <testcase name="userregistration" time="85.957" classname="com.IRCTC.TestCases.IRCTC_001_User_Registration"/>
</testsuite> <!-- com.IRCTC.TestCases.IRCTC_001_User_Registration -->
